Ship Last Hope now on 1 - pier

Ship Titanik now on 2 - pier

Ship Lord of Ashes now on 3 - pier

Ship Imagine Ship now on 4 - pier

1 - pier holds Last Hope
2 - pier holds Titanik
3 - pier holds Lord of Ashes
4 - pier holds Imagine Ship
5 - pier is empty
6 - pier is empty

No ships on raid

Ship Aurora now on 5 - pier

Ship Spirit now on 6 - pier

all piers are not empty !
ship La DEe France now on raid

all piers are not empty !
ship Hash of Gods now on raid

ships on raid 
<La DEe France>  <Hash of Gods>  

1 - pier holds Last Hope
2 - pier holds Titanik
3 - pier holds Lord of Ashes
4 - pier holds Imagine Ship
5 - pier holds Aurora
6 - pier holds Spirit

pier number 6 now is empty
ship La DEe France now on pier 6

ships on raid 
<Hash of Gods>  

1 - pier holds Last Hope
2 - pier holds Titanik
3 - pier holds Lord of Ashes
4 - pier holds Imagine Ship
5 - pier holds Aurora
6 - pier holds La DEe France

all piers are not empty !
ship Mac now on raid

all piers are not empty !
ship Lander now on raid

all piers are not empty !
ship Pioner now on raid

all piers are not empty !
ship Zenit now on raid

ships on raid 
<Hash of Gods>  <Mac>  <Lander>  <Pioner>  <Zenit>  

1 - pier holds Last Hope
2 - pier holds Titanik
3 - pier holds Lord of Ashes
4 - pier holds Imagine Ship
5 - pier holds Aurora
6 - pier holds La DEe France

pier number 1 now is empty
ship Hash of Gods now on pier 1

pier number 2 now is empty
ship Mac now on pier 2

pier number 3 now is empty
ship Lander now on pier 3

1 - pier holds Hash of Gods
2 - pier holds Mac
3 - pier holds Lander
4 - pier holds Imagine Ship
5 - pier holds Aurora
6 - pier holds La DEe France

ships on raid 
<Pioner>  <Zenit>  

1 - pier holds Hash of Gods
2 - pier holds Mac
3 - pier holds Lander
4 - pier holds Imagine Ship
5 - pier holds Aurora
6 - pier holds La DEe France

ships on raid 
<Pioner>  <Zenit>  

pier number 5 now is empty
ship Pioner now on pier 5

pier number 4 now is empty
ship Zenit now on pier 4

pier number 3 now is empty

pier number 1 now is empty

pier number 2 now is empty

pier number 6 now is empty

No ships on raid

1 - pier is empty
2 - pier is empty
3 - pier is empty
4 - pier holds Zenit
5 - pier holds Pioner
6 - pier is empty

